Determining if the pthread_create exist failed with the following output:
Change Dir: /home/fredshentu/kinetic_workspace/sandbox/usb2dynamixel_widomx/build/CMakeFiles/CMakeTmp

Run Build Command:"/usr/bin/make" "cmTC_a7cc8/fast"
make[1]: Entering directory '/home/fredshentu/kinetic_workspace/sandbox/usb2dynamixel_widomx/build/CMakeFiles/CMakeTmp'
/usr/bin/make -f CMakeFiles/cmTC_a7cc8.dir/build.make CMakeFiles/cmTC_a7cc8.dir/build
make[2]: Entering directory '/home/fredshentu/kinetic_workspace/sandbox/usb2dynamixel_widomx/build/CMakeFiles/CMakeTmp'
Building C object CMakeFiles/cmTC_a7cc8.dir/CheckSymbolExists.c.o
/usr/bin/cc     -o CMakeFiles/cmTC_a7cc8.dir/CheckSymbolExists.c.o   -c /home/fredshentu/kinetic_workspace/sandbox/usb2dynamixel_widomx/build/CMakeFiles/CMakeTmp/CheckSymbolExists.c
Linking C executable cmTC_a7cc8
/usr/bin/cmake -E cmake_link_script CMakeFiles/cmTC_a7cc8.dir/link.txt --verbose=1
/usr/bin/cc       CMakeFiles/cmTC_a7cc8.dir/CheckSymbolExists.c.o  -o cmTC_a7cc8 -rdynamic 
CMakeFiles/cmTC_a7cc8.dir/CheckSymbolExists.c.o: In function `main':
CheckSymbolExists.c:(.text+0x16): undefined reference to `pthread_create'
collect2: error: ld returned 1 exit status
CMakeFiles/cmTC_a7cc8.dir/build.make:97: recipe for target 'cmTC_a7cc8' failed
make[2]: *** [cmTC_a7cc8] Error 1
make[2]: Leaving directory '/home/fredshentu/kinetic_workspace/sandbox/usb2dynamixel_widomx/build/CMakeFiles/CMakeTmp'
Makefile:126: recipe for target 'cmTC_a7cc8/fast' failed
make[1]: *** [cmTC_a7cc8/fast] Error 2
make[1]: Leaving directory '/home/fredshentu/kinetic_workspace/sandbox/usb2dynamixel_widomx/build/CMakeFiles/CMakeTmp'

File /home/fredshentu/kinetic_workspace/sandbox/usb2dynamixel_widomx/build/CMakeFiles/CMakeTmp/CheckSymbolExists.c:
/* */
#include <pthread.h>

int main(int argc, char** argv)
{
  (void)argv;
#ifndef pthread_create
  return ((int*)(&pthread_create))[argc];
#else
  (void)argc;
  return 0;
#endif
}

Determining if the function pthread_create exists in the pthreads failed with the following output:
Change Dir: /home/fredshentu/kinetic_workspace/sandbox/usb2dynamixel_widomx/build/CMakeFiles/CMakeTmp

Run Build Command:"/usr/bin/make" "cmTC_fddf4/fast"
make[1]: Entering directory '/home/fredshentu/kinetic_workspace/sandbox/usb2dynamixel_widomx/build/CMakeFiles/CMakeTmp'
/usr/bin/make -f CMakeFiles/cmTC_fddf4.dir/build.make CMakeFiles/cmTC_fddf4.dir/build
make[2]: Entering directory '/home/fredshentu/kinetic_workspace/sandbox/usb2dynamixel_widomx/build/CMakeFiles/CMakeTmp'
Building C object CMakeFiles/cmTC_fddf4.dir/CheckFunctionExists.c.o
/usr/bin/cc    -DCHECK_FUNCTION_EXISTS=pthread_create   -o CMakeFiles/cmTC_fddf4.dir/CheckFunctionExists.c.o   -c /usr/share/cmake-3.5/Modules/CheckFunctionExists.c
Linking C executable cmTC_fddf4
/usr/bin/cmake -E cmake_link_script CMakeFiles/cmTC_fddf4.dir/link.txt --verbose=1
/usr/bin/cc   -DCHECK_FUNCTION_EXISTS=pthread_create    CMakeFiles/cmTC_fddf4.dir/CheckFunctionExists.c.o  -o cmTC_fddf4 -rdynamic -lpthreads 
/usr/bin/ld: cannot find -lpthreads
collect2: error: ld returned 1 exit status
CMakeFiles/cmTC_fddf4.dir/build.make:97: recipe for target 'cmTC_fddf4' failed
make[2]: *** [cmTC_fddf4] Error 1
make[2]: Leaving directory '/home/fredshentu/kinetic_workspace/sandbox/usb2dynamixel_widomx/build/CMakeFiles/CMakeTmp'
Makefile:126: recipe for target 'cmTC_fddf4/fast' failed
make[1]: *** [cmTC_fddf4/fast] Error 2
make[1]: Leaving directory '/home/fredshentu/kinetic_workspace/sandbox/usb2dynamixel_widomx/build/CMakeFiles/CMakeTmp'


