Determining if the pthread_create exist failed with the following output:
Change Dir: /home/fredshentu/kinetic_workspace/sandbox/random_move/build/CMakeFiles/CMakeTmp

Run Build Command:"/usr/bin/make" "cmTC_a5cec/fast"
make[1]: Entering directory '/home/fredshentu/kinetic_workspace/sandbox/random_move/build/CMakeFiles/CMakeTmp'
/usr/bin/make -f CMakeFiles/cmTC_a5cec.dir/build.make CMakeFiles/cmTC_a5cec.dir/build
make[2]: Entering directory '/home/fredshentu/kinetic_workspace/sandbox/random_move/build/CMakeFiles/CMakeTmp'
Building C object CMakeFiles/cmTC_a5cec.dir/CheckSymbolExists.c.o
/usr/bin/cc     -o CMakeFiles/cmTC_a5cec.dir/CheckSymbolExists.c.o   -c /home/fredshentu/kinetic_workspace/sandbox/random_move/build/CMakeFiles/CMakeTmp/CheckSymbolExists.c
Linking C executable cmTC_a5cec
/usr/bin/cmake -E cmake_link_script CMakeFiles/cmTC_a5cec.dir/link.txt --verbose=1
/usr/bin/cc       CMakeFiles/cmTC_a5cec.dir/CheckSymbolExists.c.o  -o cmTC_a5cec -rdynamic 
CMakeFiles/cmTC_a5cec.dir/CheckSymbolExists.c.o: In function `main':
CheckSymbolExists.c:(.text+0x16): undefined reference to `pthread_create'
collect2: error: ld returned 1 exit status
CMakeFiles/cmTC_a5cec.dir/build.make:97: recipe for target 'cmTC_a5cec' failed
make[2]: *** [cmTC_a5cec] Error 1
make[2]: Leaving directory '/home/fredshentu/kinetic_workspace/sandbox/random_move/build/CMakeFiles/CMakeTmp'
Makefile:126: recipe for target 'cmTC_a5cec/fast' failed
make[1]: *** [cmTC_a5cec/fast] Error 2
make[1]: Leaving directory '/home/fredshentu/kinetic_workspace/sandbox/random_move/build/CMakeFiles/CMakeTmp'

File /home/fredshentu/kinetic_workspace/sandbox/random_move/build/CMakeFiles/CMakeTmp/CheckSymbolExists.c:
/* */
#include <pthread.h>

int main(int argc, char** argv)
{
  (void)argv;
#ifndef pthread_create
  return ((int*)(&pthread_create))[argc];
#else
  (void)argc;
  return 0;
#endif
}

Determining if the function pthread_create exists in the pthreads failed with the following output:
Change Dir: /home/fredshentu/kinetic_workspace/sandbox/random_move/build/CMakeFiles/CMakeTmp

Run Build Command:"/usr/bin/make" "cmTC_54d2c/fast"
make[1]: Entering directory '/home/fredshentu/kinetic_workspace/sandbox/random_move/build/CMakeFiles/CMakeTmp'
/usr/bin/make -f CMakeFiles/cmTC_54d2c.dir/build.make CMakeFiles/cmTC_54d2c.dir/build
make[2]: Entering directory '/home/fredshentu/kinetic_workspace/sandbox/random_move/build/CMakeFiles/CMakeTmp'
Building C object CMakeFiles/cmTC_54d2c.dir/CheckFunctionExists.c.o
/usr/bin/cc    -DCHECK_FUNCTION_EXISTS=pthread_create   -o CMakeFiles/cmTC_54d2c.dir/CheckFunctionExists.c.o   -c /usr/share/cmake-3.5/Modules/CheckFunctionExists.c
Linking C executable cmTC_54d2c
/usr/bin/cmake -E cmake_link_script CMakeFiles/cmTC_54d2c.dir/link.txt --verbose=1
/usr/bin/cc   -DCHECK_FUNCTION_EXISTS=pthread_create    CMakeFiles/cmTC_54d2c.dir/CheckFunctionExists.c.o  -o cmTC_54d2c -rdynamic -lpthreads 
/usr/bin/ld: cannot find -lpthreads
collect2: error: ld returned 1 exit status
CMakeFiles/cmTC_54d2c.dir/build.make:97: recipe for target 'cmTC_54d2c' failed
make[2]: *** [cmTC_54d2c] Error 1
make[2]: Leaving directory '/home/fredshentu/kinetic_workspace/sandbox/random_move/build/CMakeFiles/CMakeTmp'
Makefile:126: recipe for target 'cmTC_54d2c/fast' failed
make[1]: *** [cmTC_54d2c/fast] Error 2
make[1]: Leaving directory '/home/fredshentu/kinetic_workspace/sandbox/random_move/build/CMakeFiles/CMakeTmp'


